app/build/intermediates/manifest_merge_blame_file/release/manifest-merger-blame-release-report.txt
1<?xml version="1.0" encoding="utf-8"?>
2<manifest xmlns:android="http://schemas.android.com/apk/res/android"
3    package="me.nice.compose01"
4    android:versionCode="1"
5    android:versionName="1.0" >
6
7    <uses-sdk
8        android:minSdkVersion="22"
8-->src/main/AndroidManifest.xml
9        android:targetSdkVersion="30" />
9-->src/main/AndroidManifest.xml
10
11    <application
11-->src/main/AndroidManifest.xml:5:5-21:19
12        android:allowBackup="true"
12-->src/main/AndroidManifest.xml:6:9-35
13        android:appComponentFactory="androidx.core.app.CoreComponentFactory"
13-->[androidx.core:core:1.3.0] AndroidManifest.xml:24:18-86
14        android:icon="@mipmap/ic_launcher"
14-->src/main/AndroidManifest.xml:7:9-43
15        android:label="@string/app_name"
15-->src/main/AndroidManifest.xml:8:9-41
16        android:roundIcon="@mipmap/ic_launcher_round"
16-->src/main/AndroidManifest.xml:9:9-54
17        android:supportsRtl="true"
17-->src/main/AndroidManifest.xml:10:9-35
18        android:theme="@style/AppTheme" >
18-->src/main/AndroidManifest.xml:11:9-40
19        <activity
19-->src/main/AndroidManifest.xml:12:9-20:20
20            android:name="me.nice.compose01.MainActivity"
20-->src/main/AndroidManifest.xml:13:13-41
21            android:label="@string/app_name" >
21-->src/main/AndroidManifest.xml:14:13-45
22            <intent-filter>
22-->src/main/AndroidManifest.xml:15:13-19:29
23                <action android:name="android.intent.action.MAIN" />
23-->src/main/AndroidManifest.xml:16:17-69
23-->src/main/AndroidManifest.xml:16:25-66
24
25                <category android:name="android.intent.category.LAUNCHER" />
25-->src/main/AndroidManifest.xml:18:17-77
25-->src/main/AndroidManifest.xml:18:27-74
26            </intent-filter>
27        </activity>
28        <activity
28-->[androidx.ui:ui-tooling:0.1.0-dev13] AndroidManifest.xml:25:9-28:79
29            android:name="androidx.ui.tooling.preview.PreviewActivity"
29-->[androidx.ui:ui-tooling:0.1.0-dev13] AndroidManifest.xml:26:13-71
30            android:exported="true"
30-->[androidx.ui:ui-tooling:0.1.0-dev13] AndroidManifest.xml:27:13-36
31            android:theme="@android:style/Theme.Material.Light.NoActionBar" />
31-->[androidx.ui:ui-tooling:0.1.0-dev13] AndroidManifest.xml:28:13-76
32    </application>
33
34</manifest>